<?xml version="1.0" encoding="UTF-8"?>
<testng-results skipped="0" failed="1" ignored="0" total="9" passed="8">
  <reporter-output>
  </reporter-output>
  <suite name="Instappy Automation Test Suite" duration-ms="165345" started-at="2019-01-23T03:58:46Z" finished-at="2019-01-23T04:01:31Z">
    <groups>
    </groups>
    <test name="IIMJOBS Test Cases" duration-ms="165345" started-at="2019-01-23T03:58:46Z" finished-at="2019-01-23T04:01:31Z">
      <class name="com.iimjobs.qa.testcases.Createyourjobfeedtest">
        <test-method status="PASS" signature="setuphomepage()[pri:0, instance:com.iimjobs.qa.testcases.Createyourjobfeedtest@617faa95]" name="setuphomepage" is-config="true" duration-ms="10395" started-at="2019-01-23T03:59:11Z" finished-at="2019-01-23T03:59:21Z">
          <reporter-output>
          </reporter-output>
        </test-method> <!-- setuphomepage -->
        <test-method status="PASS" signature="VerifyCreateyourownjobfeedpage()[pri:1, instance:com.iimjobs.qa.testcases.Createyourjobfeedtest@617faa95]" name="VerifyCreateyourownjobfeedpage" duration-ms="7539" started-at="2019-01-23T03:59:21Z" finished-at="2019-01-23T03:59:28Z">
          <reporter-output>
          </reporter-output>
        </test-method> <!-- VerifyCreateyourownjobfeedpage -->
        <test-method status="PASS" signature="teardown()[pri:0, instance:com.iimjobs.qa.testcases.Createyourjobfeedtest@617faa95]" name="teardown" is-config="true" duration-ms="670" started-at="2019-01-23T03:59:28Z" finished-at="2019-01-23T03:59:29Z">
          <reporter-output>
          </reporter-output>
        </test-method> <!-- teardown -->
        <test-method status="PASS" signature="setuphomepage()[pri:0, instance:com.iimjobs.qa.testcases.Createyourjobfeedtest@617faa95]" name="setuphomepage" is-config="true" duration-ms="10804" started-at="2019-01-23T03:59:56Z" finished-at="2019-01-23T04:00:07Z">
          <reporter-output>
          </reporter-output>
        </test-method> <!-- setuphomepage -->
        <test-method status="PASS" signature="verifyclikonITandsystemjobsandITmgmt()[pri:2, instance:com.iimjobs.qa.testcases.Createyourjobfeedtest@617faa95]" name="verifyclikonITandsystemjobsandITmgmt" duration-ms="13071" started-at="2019-01-23T04:00:07Z" finished-at="2019-01-23T04:00:20Z">
          <reporter-output>
          </reporter-output>
        </test-method> <!-- verifyclikonITandsystemjobsandITmgmt -->
        <test-method status="PASS" signature="teardown()[pri:0, instance:com.iimjobs.qa.testcases.Createyourjobfeedtest@617faa95]" name="teardown" is-config="true" duration-ms="812" started-at="2019-01-23T04:00:20Z" finished-at="2019-01-23T04:00:21Z">
          <reporter-output>
          </reporter-output>
        </test-method> <!-- teardown -->
        <test-method status="PASS" signature="setuphomepage()[pri:0, instance:com.iimjobs.qa.testcases.Createyourjobfeedtest@617faa95]" name="setuphomepage" is-config="true" duration-ms="11577" started-at="2019-01-23T04:00:48Z" finished-at="2019-01-23T04:00:59Z">
          <reporter-output>
          </reporter-output>
        </test-method> <!-- setuphomepage -->
        <test-method status="PASS" signature="Verifyjobfeedfilter()[pri:3, instance:com.iimjobs.qa.testcases.Createyourjobfeedtest@617faa95]" name="Verifyjobfeedfilter" duration-ms="30817" started-at="2019-01-23T04:00:59Z" finished-at="2019-01-23T04:01:30Z">
          <reporter-output>
          </reporter-output>
        </test-method> <!-- Verifyjobfeedfilter -->
        <test-method status="PASS" signature="teardown()[pri:0, instance:com.iimjobs.qa.testcases.Createyourjobfeedtest@617faa95]" name="teardown" is-config="true" duration-ms="720" started-at="2019-01-23T04:01:30Z" finished-at="2019-01-23T04:01:31Z">
          <reporter-output>
          </reporter-output>
        </test-method> <!-- teardown -->
      </class> <!-- com.iimjobs.qa.testcases.Createyourjobfeedtest -->
      <class name="com.iimjobs.qa.testcases.JobFeedTest">
        <test-method status="PASS" signature="setuphomepage()[pri:0, instance:com.iimjobs.qa.testcases.JobFeedTest@7e0b0338]" name="setuphomepage" is-config="true" duration-ms="11310" started-at="2019-01-23T03:58:59Z" finished-at="2019-01-23T03:59:10Z">
          <reporter-output>
          </reporter-output>
        </test-method> <!-- setuphomepage -->
        <test-method status="FAIL" signature="verifyjobfeedpage()[pri:1, instance:com.iimjobs.qa.testcases.JobFeedTest@7e0b0338]" name="verifyjobfeedpage" duration-ms="10" started-at="2019-01-23T03:59:10Z" finished-at="2019-01-23T03:59:10Z">
          <exception class="java.lang.AssertionError">
            <message>
              <![CDATA[expected [My Jobfeed] but found [Jobseekers login - iimjobs.com]]]>
            </message>
            <full-stacktrace>
              <![CDATA[java.lang.AssertionError: expected [My Jobfeed] but found [Jobseekers login - iimjobs.com]
at org.testng.Assert.fail(Assert.java:96)
at org.testng.Assert.failNotEquals(Assert.java:776)
at org.testng.Assert.assertEqualsImpl(Assert.java:137)
at org.testng.Assert.assertEquals(Assert.java:118)
at org.testng.Assert.assertEquals(Assert.java:453)
at org.testng.Assert.assertEquals(Assert.java:463)
at com.iimjobs.qa.testcases.JobFeedTest.verifyjobfeedpage(JobFeedTest.java:37)
at sun.reflect.NativeMethodAccessorImpl.invoke0(Native Method)
at sun.reflect.NativeMethodAccessorImpl.invoke(Unknown Source)
at sun.reflect.DelegatingMethodAccessorImpl.invoke(Unknown Source)
at java.lang.reflect.Method.invoke(Unknown Source)
at org.testng.internal.MethodInvocationHelper.invokeMethod(MethodInvocationHelper.java:124)
at org.testng.internal.Invoker.invokeMethod(Invoker.java:583)
at org.testng.internal.Invoker.invokeTestMethod(Invoker.java:719)
at org.testng.internal.Invoker.invokeTestMethods(Invoker.java:989)
at org.testng.internal.TestMethodWorker.invokeTestMethods(TestMethodWorker.java:125)
at org.testng.internal.TestMethodWorker.run(TestMethodWorker.java:109)
at org.testng.TestRunner.privateRun(TestRunner.java:648)
at org.testng.TestRunner.run(TestRunner.java:505)
at org.testng.SuiteRunner.runTest(SuiteRunner.java:455)
at org.testng.SuiteRunner.runSequentially(SuiteRunner.java:450)
at org.testng.SuiteRunner.privateRun(SuiteRunner.java:415)
at org.testng.SuiteRunner.run(SuiteRunner.java:364)
at org.testng.SuiteRunnerWorker.runSuite(SuiteRunnerWorker.java:52)
at org.testng.SuiteRunnerWorker.run(SuiteRunnerWorker.java:84)
at org.testng.TestNG.runSuitesSequentially(TestNG.java:1208)
at org.testng.TestNG.runSuitesLocally(TestNG.java:1137)
at org.testng.TestNG.runSuites(TestNG.java:1049)
at org.testng.TestNG.run(TestNG.java:1017)
at org.testng.remote.AbstractRemoteTestNG.run(AbstractRemoteTestNG.java:114)
at org.testng.remote.RemoteTestNG.initAndRun(RemoteTestNG.java:251)
at org.testng.remote.RemoteTestNG.main(RemoteTestNG.java:77)
]]>
            </full-stacktrace>
          </exception> <!-- java.lang.AssertionError -->
          <reporter-output>
          </reporter-output>
        </test-method> <!-- verifyjobfeedpage -->
        <test-method status="PASS" signature="teardown()[pri:0, instance:com.iimjobs.qa.testcases.JobFeedTest@7e0b0338]" name="teardown" is-config="true" duration-ms="643" started-at="2019-01-23T03:59:10Z" finished-at="2019-01-23T03:59:11Z">
          <reporter-output>
          </reporter-output>
        </test-method> <!-- teardown -->
        <test-method status="PASS" signature="setuphomepage()[pri:0, instance:com.iimjobs.qa.testcases.JobFeedTest@7e0b0338]" name="setuphomepage" is-config="true" duration-ms="12277" started-at="2019-01-23T03:59:40Z" finished-at="2019-01-23T03:59:52Z">
          <reporter-output>
          </reporter-output>
        </test-method> <!-- setuphomepage -->
        <test-method status="PASS" signature="verifyjobfeedpagetext()[pri:2, instance:com.iimjobs.qa.testcases.JobFeedTest@7e0b0338]" name="verifyjobfeedpagetext" duration-ms="3379" started-at="2019-01-23T03:59:52Z" finished-at="2019-01-23T03:59:55Z">
          <reporter-output>
          </reporter-output>
        </test-method> <!-- verifyjobfeedpagetext -->
        <test-method status="PASS" signature="teardown()[pri:0, instance:com.iimjobs.qa.testcases.JobFeedTest@7e0b0338]" name="teardown" is-config="true" duration-ms="699" started-at="2019-01-23T03:59:55Z" finished-at="2019-01-23T03:59:56Z">
          <reporter-output>
          </reporter-output>
        </test-method> <!-- teardown -->
        <test-method status="PASS" signature="setuphomepage()[pri:0, instance:com.iimjobs.qa.testcases.JobFeedTest@7e0b0338]" name="setuphomepage" is-config="true" duration-ms="9487" started-at="2019-01-23T04:00:31Z" finished-at="2019-01-23T04:00:41Z">
          <reporter-output>
          </reporter-output>
        </test-method> <!-- setuphomepage -->
        <test-method status="PASS" signature="createyourjobfeed()[pri:3, instance:com.iimjobs.qa.testcases.JobFeedTest@7e0b0338]" name="createyourjobfeed" duration-ms="6257" started-at="2019-01-23T04:00:41Z" finished-at="2019-01-23T04:00:47Z">
          <reporter-output>
          </reporter-output>
        </test-method> <!-- createyourjobfeed -->
        <test-method status="PASS" signature="teardown()[pri:0, instance:com.iimjobs.qa.testcases.JobFeedTest@7e0b0338]" name="teardown" is-config="true" duration-ms="693" started-at="2019-01-23T04:00:47Z" finished-at="2019-01-23T04:00:48Z">
          <reporter-output>
          </reporter-output>
        </test-method> <!-- teardown -->
      </class> <!-- com.iimjobs.qa.testcases.JobFeedTest -->
      <class name="com.iimjobs.qa.testcases.LoginPageTest">
        <test-method status="PASS" signature="setuploginpage()[pri:0, instance:com.iimjobs.qa.testcases.LoginPageTest@6e1ec318]" name="setuploginpage" is-config="true" duration-ms="12201" started-at="2019-01-23T03:58:46Z" finished-at="2019-01-23T03:58:58Z">
          <reporter-output>
          </reporter-output>
        </test-method> <!-- setuploginpage -->
        <test-method status="PASS" signature="loginpagetitletest()[pri:1, instance:com.iimjobs.qa.testcases.LoginPageTest@6e1ec318]" name="loginpagetitletest" duration-ms="22" started-at="2019-01-23T03:58:58Z" finished-at="2019-01-23T03:58:58Z">
          <reporter-output>
          </reporter-output>
        </test-method> <!-- loginpagetitletest -->
        <test-method status="PASS" signature="close()[pri:0, instance:com.iimjobs.qa.testcases.LoginPageTest@6e1ec318]" name="close" is-config="true" duration-ms="694" started-at="2019-01-23T03:58:58Z" finished-at="2019-01-23T03:58:59Z">
          <reporter-output>
          </reporter-output>
        </test-method> <!-- close -->
        <test-method status="PASS" signature="setuploginpage()[pri:0, instance:com.iimjobs.qa.testcases.LoginPageTest@6e1ec318]" name="setuploginpage" is-config="true" duration-ms="9787" started-at="2019-01-23T03:59:29Z" finished-at="2019-01-23T03:59:39Z">
          <reporter-output>
          </reporter-output>
        </test-method> <!-- setuploginpage -->
        <test-method status="PASS" signature="loginheadertext()[pri:2, instance:com.iimjobs.qa.testcases.LoginPageTest@6e1ec318]" name="loginheadertext" duration-ms="57" started-at="2019-01-23T03:59:39Z" finished-at="2019-01-23T03:59:39Z">
          <reporter-output>
          </reporter-output>
        </test-method> <!-- loginheadertext -->
        <test-method status="PASS" signature="close()[pri:0, instance:com.iimjobs.qa.testcases.LoginPageTest@6e1ec318]" name="close" is-config="true" duration-ms="640" started-at="2019-01-23T03:59:39Z" finished-at="2019-01-23T03:59:40Z">
          <reporter-output>
          </reporter-output>
        </test-method> <!-- close -->
        <test-method status="PASS" signature="setuploginpage()[pri:0, instance:com.iimjobs.qa.testcases.LoginPageTest@6e1ec318]" name="setuploginpage" is-config="true" duration-ms="9595" started-at="2019-01-23T04:00:21Z" finished-at="2019-01-23T04:00:30Z">
          <reporter-output>
          </reporter-output>
        </test-method> <!-- setuploginpage -->
        <test-method status="PASS" signature="logintest()[pri:3, instance:com.iimjobs.qa.testcases.LoginPageTest@6e1ec318]" name="logintest" duration-ms="430" started-at="2019-01-23T04:00:30Z" finished-at="2019-01-23T04:00:31Z">
          <reporter-output>
          </reporter-output>
        </test-method> <!-- logintest -->
        <test-method status="PASS" signature="close()[pri:0, instance:com.iimjobs.qa.testcases.LoginPageTest@6e1ec318]" name="close" is-config="true" duration-ms="689" started-at="2019-01-23T04:00:31Z" finished-at="2019-01-23T04:00:31Z">
          <reporter-output>
          </reporter-output>
        </test-method> <!-- close -->
      </class> <!-- com.iimjobs.qa.testcases.LoginPageTest -->
    </test> <!-- IIMJOBS Test Cases -->
  </suite> <!-- Instappy Automation Test Suite -->
</testng-results>
