<?xml version="1.0" encoding="UTF-8"?>
<!-- Generated by org.testng.reporters.JUnitXMLReporter -->
<testsuite hostname="QA-Yatendra" ignored="0" name="IIMJOBS Test Cases" tests="9" failures="1" timestamp="23 Jan 2019 04:01:31 GMT" time="165.345" errors="0">
  <testcase name="loginpagetitletest" time="0.022" classname="com.iimjobs.qa.testcases.LoginPageTest"/>
  <testcase name="verifyjobfeedpage" time="0.01" classname="com.iimjobs.qa.testcases.JobFeedTest">
    <failure type="java.lang.AssertionError" message="expected [My Jobfeed] but found [Jobseekers login - iimjobs.com]">
      <![CDATA[java.lang.AssertionError: expected [My Jobfeed] but found [Jobseekers login - iimjobs.com]
at com.iimjobs.qa.testcases.JobFeedTest.verifyjobfeedpage(JobFeedTest.java:37)
... Removed 31 stack frames]]>
    </failure>
  </testcase> <!-- verifyjobfeedpage -->
  <testcase name="VerifyCreateyourownjobfeedpage" time="7.539" classname="com.iimjobs.qa.testcases.Createyourjobfeedtest"/>
  <testcase name="loginheadertext" time="0.057" classname="com.iimjobs.qa.testcases.LoginPageTest"/>
  <testcase name="verifyjobfeedpagetext" time="3.379" classname="com.iimjobs.qa.testcases.JobFeedTest"/>
  <testcase name="verifyclikonITandsystemjobsandITmgmt" time="13.071" classname="com.iimjobs.qa.testcases.Createyourjobfeedtest"/>
  <testcase name="logintest" time="0.43" classname="com.iimjobs.qa.testcases.LoginPageTest"/>
  <testcase name="createyourjobfeed" time="6.257" classname="com.iimjobs.qa.testcases.JobFeedTest"/>
  <testcase name="Verifyjobfeedfilter" time="30.817" classname="com.iimjobs.qa.testcases.Createyourjobfeedtest"/>
</testsuite> <!-- IIMJOBS Test Cases -->
