<?xml version="1.0" encoding="UTF-8"?>
<!-- Generated by org.testng.reporters.JUnitXMLReporter -->
<testsuite hostname="QA-Yatendra" ignored="0" name="Default test" tests="3" failures="0" timestamp="15 Jan 2019 04:01:06 GMT" time="65.94" errors="0">
  <testcase name="VerifyCreateyourownjobfeedpage" time="4.176" classname="com.iimjobs.qa.testcases.Createyourjobfeedtest"/>
  <testcase name="verifyclikonITandsystemjobsandITmgmt" time="10.614" classname="com.iimjobs.qa.testcases.Createyourjobfeedtest"/>
  <testcase name="Verifyjobfeedfilter" time="28.002" classname="com.iimjobs.qa.testcases.Createyourjobfeedtest"/>
</testsuite> <!-- Default test -->
